<?xml version="1.0" encoding="UTF-8"?>
<testsuite name="Cucumber" time="9.147" tests="2" skipped="0" failures="0" errors="0">
<testcase classname="Verifying OmrBranch Login Module" name="Verify OmrBranch login with valid credentials" time="4.524">
<system-out><![CDATA[
Given User is on the OmrBranch Login page...................................passed
When User enters userName and passWord......................................passed
And User clicks Login button................................................passed
Then User should verify after login success message.........................passed
]]></system-out>
</testcase>
<testcase classname="Verifying OmrBranch Login Module" name="Verify OmrBranch login with valid credentials" time="4.478">
<system-out><![CDATA[
Given User is on the OmrBranch Login page...................................passed
When User enters userName and passWord......................................passed
And User clicks Login button................................................passed
Then User should verify after login success message.........................passed
]]></system-out>
</testcase>
</testsuite>
